2020-11-27 15:39:42 -Starting OracleApplication on shuixiangyang with PID 7832 (D:\Demo\springboot-oracle\target\classes started by shuixiang.yang in D:\Demo\springboot-oracle)
2020-11-27 15:39:42 -Running with Spring Boot v2.1.2.RELEASE, Spring v5.1.4.RELEASE
2020-11-27 15:39:42 -No active profile set, falling back to default profiles: default
2020-11-27 15:39:43 -Skipping MapperFactoryBean with name 'IEmployeeMapper' and 'example.demo.mapper.IEmployeeMapper' mapperInterface. Bean already defined with the same name!
2020-11-27 15:39:43 -Skipping MapperFactoryBean with name 'IStudentMapper' and 'example.demo.mapper.IStudentMapper' mapperInterface. Bean already defined with the same name!
2020-11-27 15:39:43 -No MyBatis mapper was found in '[example.demo.mapper]' package. Please check your configuration.
2020-11-27 15:39:44 -UT026010: Buffer pool was not set on WebSocketDeploymentInfo, the default pool will be used
2020-11-27 15:39:44 -Initializing Spring embedded WebApplicationContext
2020-11-27 15:39:44 -Root WebApplicationContext: initialization completed in 1848 ms
2020-11-27 15:39:45 -Warn: Could not find @TableId in Class: example.demo.entity.Employee.
2020-11-27 15:39:46 -Initializing ExecutorService 'applicationTaskExecutor'
2020-11-27 15:39:46 -XNIO version 3.3.8.Final
2020-11-27 15:39:46 -XNIO NIO Implementation Version 3.3.8.Final
2020-11-27 15:39:46 -Undertow started on port(s) 9090 (http) with context path ''
2020-11-27 15:39:46 -Started OracleApplication in 4.77 seconds (JVM running for 5.5)
2020-11-27 15:39:51 -Initializing Spring DispatcherServlet 'dispatcherServlet'
2020-11-27 15:39:51 -Initializing Servlet 'dispatcherServlet'
2020-11-27 15:39:51 -Completed initialization in 13 ms
2020-11-27 15:39:51 -请求获取student、list
2020-11-27 15:39:51 -HikariPool-1 - Starting...
2020-11-27 15:39:51 -Registered driver with driverClassName=oracle.jdbc.driver.OracleDriver was not found, trying direct instantiation.
2020-11-27 15:39:52 -HikariPool-1 - Start completed.
2020-11-27 15:39:52 -==>  Preparing: SELECT id,name,nick_name,class_id,mark,guardian FROM student 
2020-11-27 15:39:52 -==> Parameters: 
2020-11-27 15:39:52 -<==      Total: 2
2020-11-27 16:10:37 -HikariPool-1 - Thread starvation or clock leap detected (housekeeper delta=9m45s274ms642µs600ns).
2020-11-27 16:18:13 -Shutting down ExecutorService 'applicationTaskExecutor'
2020-11-27 16:18:13 -HikariPool-1 - Shutdown initiated...
2020-11-27 16:18:13 -HikariPool-1 - Shutdown completed.
2020-11-27 16:18:13 -Destroying Spring FrameworkServlet 'dispatcherServlet'
2020-11-27 16:18:24 -Starting OracleApplication on shuixiangyang with PID 13720 (D:\Demo\springboot-oracle\target\classes started by shuixiang.yang in D:\Demo\springboot-oracle)
2020-11-27 16:18:24 -Running with Spring Boot v2.1.2.RELEASE, Spring v5.1.4.RELEASE
2020-11-27 16:18:24 -No active profile set, falling back to default profiles: default
2020-11-27 16:18:25 -Skipping MapperFactoryBean with name 'IEmployeeMapper' and 'example.demo.mapper.IEmployeeMapper' mapperInterface. Bean already defined with the same name!
2020-11-27 16:18:25 -Skipping MapperFactoryBean with name 'IStudentMapper' and 'example.demo.mapper.IStudentMapper' mapperInterface. Bean already defined with the same name!
2020-11-27 16:18:25 -No MyBatis mapper was found in '[example.demo.mapper]' package. Please check your configuration.
2020-11-27 16:18:27 -UT026010: Buffer pool was not set on WebSocketDeploymentInfo, the default pool will be used
2020-11-27 16:18:27 -Initializing Spring embedded WebApplicationContext
2020-11-27 16:18:27 -Root WebApplicationContext: initialization completed in 2814 ms
2020-11-27 16:18:28 -Warn: Could not find @TableId in Class: example.demo.entity.Employee.
2020-11-27 16:18:29 -Initializing ExecutorService 'applicationTaskExecutor'
2020-11-27 16:18:29 -Exception encountered during context initialization - cancelling refresh attempt: org.springframework.beans.factory.BeanCreationException: Error creating bean with name 'requestMappingHandlerMapping' defined in class path resource [org/springframework/boot/autoconfigure/web/servlet/WebMvcAutoConfiguration$EnableWebMvcConfiguration.class]: Invocation of init method failed; nested exception is java.lang.IllegalStateException: Ambiguous mapping. Cannot map 'studentController' method 
public example.demo.entity.JsonResult example.demo.controller.StudentController.insertStuInfo()
to {POST /note/getAll}: There is already 'studentController' bean method
public example.demo.entity.JsonResult example.demo.controller.StudentController.getNotes() mapped.
2020-11-27 16:18:29 -Shutting down ExecutorService 'applicationTaskExecutor'
2020-11-27 16:18:29 -

Error starting ApplicationContext. To display the conditions report re-run your application with 'debug' enabled.
2020-11-27 16:18:29 -Application run failed
org.springframework.beans.factory.BeanCreationException: Error creating bean with name 'requestMappingHandlerMapping' defined in class path resource [org/springframework/boot/autoconfigure/web/servlet/WebMvcAutoConfiguration$EnableWebMvcConfiguration.class]: Invocation of init method failed; nested exception is java.lang.IllegalStateException: Ambiguous mapping. Cannot map 'studentController' method 
public example.demo.entity.JsonResult example.demo.controller.StudentController.insertStuInfo()
to {POST /note/getAll}: There is already 'studentController' bean method
public example.demo.entity.JsonResult example.demo.controller.StudentController.getNotes() mapped.
	at org.springframework.beans.factory.support.AbstractAutowireCapableBeanFactory.initializeBean(AbstractAutowireCapableBeanFactory.java:1745)
	at org.springframework.beans.factory.support.AbstractAutowireCapableBeanFactory.doCreateBean(AbstractAutowireCapableBeanFactory.java:576)
	at org.springframework.beans.factory.support.AbstractAutowireCapableBeanFactory.createBean(AbstractAutowireCapableBeanFactory.java:498)
	at org.springframework.beans.factory.support.AbstractBeanFactory.lambda$doGetBean$0(AbstractBeanFactory.java:320)
	at org.springframework.beans.factory.support.DefaultSingletonBeanRegistry.getSingleton(DefaultSingletonBeanRegistry.java:222)
	at org.springframework.beans.factory.support.AbstractBeanFactory.doGetBean(AbstractBeanFactory.java:318)
	at org.springframework.beans.factory.support.AbstractBeanFactory.getBean(AbstractBeanFactory.java:199)
	at org.springframework.beans.factory.support.DefaultListableBeanFactory.preInstantiateSingletons(DefaultListableBeanFactory.java:846)
	at org.springframework.context.support.AbstractApplicationContext.finishBeanFactoryInitialization(AbstractApplicationContext.java:863)
	at org.springframework.context.support.AbstractApplicationContext.refresh(AbstractApplicationContext.java:546)
	at org.springframework.boot.web.servlet.context.ServletWebServerApplicationContext.refresh(ServletWebServerApplicationContext.java:142)
	at org.springframework.boot.SpringApplication.refresh(SpringApplication.java:775)
	at org.springframework.boot.SpringApplication.refreshContext(SpringApplication.java:397)
	at org.springframework.boot.SpringApplication.run(SpringApplication.java:316)
	at org.springframework.boot.SpringApplication.run(SpringApplication.java:1260)
	at org.springframework.boot.SpringApplication.run(SpringApplication.java:1248)
	at example.demo.OracleApplication.main(OracleApplication.java:19)
Caused by: java.lang.IllegalStateException: Ambiguous mapping. Cannot map 'studentController' method 
public example.demo.entity.JsonResult example.demo.controller.StudentController.insertStuInfo()
to {POST /note/getAll}: There is already 'studentController' bean method
public example.demo.entity.JsonResult example.demo.controller.StudentController.getNotes() mapped.
	at org.springframework.web.servlet.handler.AbstractHandlerMethodMapping$MappingRegistry.assertUniqueMethodMapping(AbstractHandlerMethodMapping.java:621)
	at org.springframework.web.servlet.handler.AbstractHandlerMethodMapping$MappingRegistry.register(AbstractHandlerMethodMapping.java:589)
	at org.springframework.web.servlet.handler.AbstractHandlerMethodMapping.registerHandlerMethod(AbstractHandlerMethodMapping.java:315)
	at org.springframework.web.servlet.handler.AbstractHandlerMethodMapping.lambda$detectHandlerMethods$1(AbstractHandlerMethodMapping.java:282)
	at java.util.LinkedHashMap.forEach(LinkedHashMap.java:684)
	at org.springframework.web.servlet.handler.AbstractHandlerMethodMapping.detectHandlerMethods(AbstractHandlerMethodMapping.java:280)
	at org.springframework.web.servlet.handler.AbstractHandlerMethodMapping.processCandidateBean(AbstractHandlerMethodMapping.java:252)
	at org.springframework.web.servlet.handler.AbstractHandlerMethodMapping.initHandlerMethods(AbstractHandlerMethodMapping.java:211)
	at org.springframework.web.servlet.handler.AbstractHandlerMethodMapping.afterPropertiesSet(AbstractHandlerMethodMapping.java:199)
	at org.springframework.web.servlet.mvc.method.annotation.RequestMappingHandlerMapping.afterPropertiesSet(RequestMappingHandlerMapping.java:164)
	at org.springframework.beans.factory.support.AbstractAutowireCapableBeanFactory.invokeInitMethods(AbstractAutowireCapableBeanFactory.java:1804)
	at org.springframework.beans.factory.support.AbstractAutowireCapableBeanFactory.initializeBean(AbstractAutowireCapableBeanFactory.java:1741)
	... 16 common frames omitted
2020-11-27 16:19:16 -Starting OracleApplication on shuixiangyang with PID 5508 (D:\Demo\springboot-oracle\target\classes started by shuixiang.yang in D:\Demo\springboot-oracle)
2020-11-27 16:19:16 -Running with Spring Boot v2.1.2.RELEASE, Spring v5.1.4.RELEASE
2020-11-27 16:19:16 -No active profile set, falling back to default profiles: default
2020-11-27 16:19:17 -Skipping MapperFactoryBean with name 'IEmployeeMapper' and 'example.demo.mapper.IEmployeeMapper' mapperInterface. Bean already defined with the same name!
2020-11-27 16:19:17 -Skipping MapperFactoryBean with name 'IStudentMapper' and 'example.demo.mapper.IStudentMapper' mapperInterface. Bean already defined with the same name!
2020-11-27 16:19:17 -No MyBatis mapper was found in '[example.demo.mapper]' package. Please check your configuration.
2020-11-27 16:19:18 -UT026010: Buffer pool was not set on WebSocketDeploymentInfo, the default pool will be used
2020-11-27 16:19:18 -Initializing Spring embedded WebApplicationContext
2020-11-27 16:19:18 -Root WebApplicationContext: initialization completed in 1797 ms
2020-11-27 16:19:19 -Warn: Could not find @TableId in Class: example.demo.entity.Employee.
2020-11-27 16:19:20 -Initializing ExecutorService 'applicationTaskExecutor'
2020-11-27 16:19:20 -XNIO version 3.3.8.Final
2020-11-27 16:19:20 -XNIO NIO Implementation Version 3.3.8.Final
2020-11-27 16:19:20 -Undertow started on port(s) 9090 (http) with context path ''
2020-11-27 16:19:20 -Started OracleApplication in 4.58 seconds (JVM running for 5.24)
2020-11-27 16:19:34 -Initializing Spring DispatcherServlet 'dispatcherServlet'
2020-11-27 16:19:34 -Initializing Servlet 'dispatcherServlet'
2020-11-27 16:19:34 -Completed initialization in 10 ms
2020-11-27 16:19:34 -HikariPool-1 - Starting...
2020-11-27 16:19:34 -Registered driver with driverClassName=oracle.jdbc.driver.OracleDriver was not found, trying direct instantiation.
2020-11-27 16:19:34 -HikariPool-1 - Start completed.
2020-11-27 16:19:34 -==>  Preparing: INSERT INTO student ( name, nick_name, class_id, mark, guardian ) VALUES ( ?, ?, ?, ?, ? ) 
2020-11-27 16:19:35 -==> Parameters: 吴大0(String), 吴二台0(String), 1(Integer), (String), (String)
2020-11-27 16:19:35 -UT005023: Exception handling request to /note/insert
org.springframework.web.util.NestedServletException: Request processing failed; nested exception is org.springframework.dao.DataIntegrityViolationException: 
### Error updating database.  Cause: java.sql.SQLIntegrityConstraintViolationException: ORA-01400: 无法将 NULL 插入 ("YANG"."STUDENT"."ID")

### The error may exist in example/demo/mapper/IStudentMapper.java (best guess)
### The error may involve example.demo.mapper.IStudentMapper.insert-Inline
### The error occurred while setting parameters
### SQL: INSERT INTO student  ( name, nick_name, class_id, mark, guardian )  VALUES  ( ?, ?, ?, ?, ? )
### Cause: java.sql.SQLIntegrityConstraintViolationException: ORA-01400: 无法将 NULL 插入 ("YANG"."STUDENT"."ID")

; ORA-01400: 无法将 NULL 插入 ("YANG"."STUDENT"."ID")
; nested exception is java.sql.SQLIntegrityConstraintViolationException: ORA-01400: 无法将 NULL 插入 ("YANG"."STUDENT"."ID")

	at org.springframework.web.servlet.FrameworkServlet.processRequest(FrameworkServlet.java:1013)
	at org.springframework.web.servlet.FrameworkServlet.doPost(FrameworkServlet.java:908)
	at javax.servlet.http.HttpServlet.service(HttpServlet.java:665)
	at org.springframework.web.servlet.FrameworkServlet.service(FrameworkServlet.java:882)
	at javax.servlet.http.HttpServlet.service(HttpServlet.java:750)
	at io.undertow.servlet.handlers.ServletHandler.handleRequest(ServletHandler.java:74)
	at io.undertow.servlet.handlers.FilterHandler$FilterChainImpl.doFilter(FilterHandler.java:129)
	at org.springframework.web.filter.RequestContextFilter.doFilterInternal(RequestContextFilter.java:99)
	at org.springframework.web.filter.OncePerRequestFilter.doFilter(OncePerRequestFilter.java:107)
	at io.undertow.servlet.core.ManagedFilter.doFilter(ManagedFilter.java:61)
	at io.undertow.servlet.handlers.FilterHandler$FilterChainImpl.doFilter(FilterHandler.java:131)
	at org.springframework.web.filter.FormContentFilter.doFilterInternal(FormContentFilter.java:92)
	at org.springframework.web.filter.OncePerRequestFilter.doFilter(OncePerRequestFilter.java:107)
	at io.undertow.servlet.core.ManagedFilter.doFilter(ManagedFilter.java:61)
	at io.undertow.servlet.handlers.FilterHandler$FilterChainImpl.doFilter(FilterHandler.java:131)
	at org.springframework.web.filter.HiddenHttpMethodFilter.doFilterInternal(HiddenHttpMethodFilter.java:93)
	at org.springframework.web.filter.OncePerRequestFilter.doFilter(OncePerRequestFilter.java:107)
	at io.undertow.servlet.core.ManagedFilter.doFilter(ManagedFilter.java:61)
	at io.undertow.servlet.handlers.FilterHandler$FilterChainImpl.doFilter(FilterHandler.java:131)
	at org.springframework.web.filter.CharacterEncodingFilter.doFilterInternal(CharacterEncodingFilter.java:200)
	at org.springframework.web.filter.OncePerRequestFilter.doFilter(OncePerRequestFilter.java:107)
	at io.undertow.servlet.core.ManagedFilter.doFilter(ManagedFilter.java:61)
	at io.undertow.servlet.handlers.FilterHandler$FilterChainImpl.doFilter(FilterHandler.java:131)
	at io.undertow.servlet.handlers.FilterHandler.handleRequest(FilterHandler.java:84)
	at io.undertow.servlet.handlers.security.ServletSecurityRoleHandler.handleRequest(ServletSecurityRoleHandler.java:62)
	at io.undertow.servlet.handlers.ServletChain$1.handleRequest(ServletChain.java:68)
	at io.undertow.servlet.handlers.ServletDispatchingHandler.handleRequest(ServletDispatchingHandler.java:36)
	at io.undertow.servlet.handlers.security.SSLInformationAssociationHandler.handleRequest(SSLInformationAssociationHandler.java:132)
	at io.undertow.servlet.handlers.security.ServletAuthenticationCallHandler.handleRequest(ServletAuthenticationCallHandler.java:57)
	at io.undertow.server.handlers.PredicateHandler.handleRequest(PredicateHandler.java:43)
	at io.undertow.security.handlers.AbstractConfidentialityHandler.handleRequest(AbstractConfidentialityHandler.java:46)
	at io.undertow.servlet.handlers.security.ServletConfidentialityConstraintHandler.handleRequest(ServletConfidentialityConstraintHandler.java:64)
	at io.undertow.security.handlers.AuthenticationMechanismsHandler.handleRequest(AuthenticationMechanismsHandler.java:60)
	at io.undertow.servlet.handlers.security.CachedAuthenticatedSessionHandler.handleRequest(CachedAuthenticatedSessionHandler.java:77)
	at io.undertow.security.handlers.AbstractSecurityContextAssociationHandler.handleRequest(AbstractSecurityContextAssociationHandler.java:43)
	at io.undertow.server.handlers.PredicateHandler.handleRequest(PredicateHandler.java:43)
	at io.undertow.server.handlers.PredicateHandler.handleRequest(PredicateHandler.java:43)
	at io.undertow.servlet.handlers.ServletInitialHandler.handleFirstRequest(ServletInitialHandler.java:292)
	at io.undertow.servlet.handlers.ServletInitialHandler.access$100(ServletInitialHandler.java:81)
	at io.undertow.servlet.handlers.ServletInitialHandler$2.call(ServletInitialHandler.java:138)
	at io.undertow.servlet.handlers.ServletInitialHandler$2.call(ServletInitialHandler.java:135)
	at io.undertow.servlet.core.ServletRequestContextThreadSetupAction$1.call(ServletRequestContextThreadSetupAction.java:48)
	at io.undertow.servlet.core.ContextClassLoaderSetupAction$1.call(ContextClassLoaderSetupAction.java:43)
	at io.undertow.servlet.handlers.ServletInitialHandler.dispatchRequest(ServletInitialHandler.java:272)
	at io.undertow.servlet.handlers.ServletInitialHandler.access$000(ServletInitialHandler.java:81)
	at io.undertow.servlet.handlers.ServletInitialHandler$1.handleRequest(ServletInitialHandler.java:104)
	at io.undertow.server.Connectors.executeRootHandler(Connectors.java:360)
	at io.undertow.server.HttpServerExchange$1.run(HttpServerExchange.java:830)
	at java.util.concurrent.ThreadPoolExecutor.runWorker(ThreadPoolExecutor.java:1149)
	at java.util.concurrent.ThreadPoolExecutor$Worker.run(ThreadPoolExecutor.java:624)
	at java.lang.Thread.run(Thread.java:748)
Caused by: org.springframework.dao.DataIntegrityViolationException: 
### Error updating database.  Cause: java.sql.SQLIntegrityConstraintViolationException: ORA-01400: 无法将 NULL 插入 ("YANG"."STUDENT"."ID")

### The error may exist in example/demo/mapper/IStudentMapper.java (best guess)
### The error may involve example.demo.mapper.IStudentMapper.insert-Inline
### The error occurred while setting parameters
### SQL: INSERT INTO student  ( name, nick_name, class_id, mark, guardian )  VALUES  ( ?, ?, ?, ?, ? )
### Cause: java.sql.SQLIntegrityConstraintViolationException: ORA-01400: 无法将 NULL 插入 ("YANG"."STUDENT"."ID")

; ORA-01400: 无法将 NULL 插入 ("YANG"."STUDENT"."ID")
; nested exception is java.sql.SQLIntegrityConstraintViolationException: ORA-01400: 无法将 NULL 插入 ("YANG"."STUDENT"."ID")

	at org.springframework.jdbc.support.SQLErrorCodeSQLExceptionTranslator.doTranslate(SQLErrorCodeSQLExceptionTranslator.java:246)
	at org.springframework.jdbc.support.AbstractFallbackSQLExceptionTranslator.translate(AbstractFallbackSQLExceptionTranslator.java:72)
	at org.mybatis.spring.MyBatisExceptionTranslator.translateExceptionIfPossible(MyBatisExceptionTranslator.java:88)
	at org.mybatis.spring.SqlSessionTemplate$SqlSessionInterceptor.invoke(SqlSessionTemplate.java:440)
	at com.sun.proxy.$Proxy56.insert(Unknown Source)
	at org.mybatis.spring.SqlSessionTemplate.insert(SqlSessionTemplate.java:271)
	at com.baomidou.mybatisplus.core.override.MybatisMapperMethod.execute(MybatisMapperMethod.java:60)
	at com.baomidou.mybatisplus.core.override.MybatisMapperProxy.invoke(MybatisMapperProxy.java:96)
	at com.sun.proxy.$Proxy63.insert(Unknown Source)
	at example.demo.service.impl.IStudentServiceImpl.insertStuInfo(IStudentServiceImpl.java:45)
	at example.demo.controller.StudentController.insertStuInfo(StudentController.java:47)
	at sun.reflect.NativeMethodAccessorImpl.invoke0(Native Method)
	at sun.reflect.NativeMethodAccessorImpl.invoke(NativeMethodAccessorImpl.java:62)
	at sun.reflect.DelegatingMethodAccessorImpl.invoke(DelegatingMethodAccessorImpl.java:43)
	at java.lang.reflect.Method.invoke(Method.java:498)
	at org.springframework.web.method.support.InvocableHandlerMethod.doInvoke(InvocableHandlerMethod.java:189)
	at org.springframework.web.method.support.InvocableHandlerMethod.invokeForRequest(InvocableHandlerMethod.java:138)
	at org.springframework.web.servlet.mvc.method.annotation.ServletInvocableHandlerMethod.invokeAndHandle(ServletInvocableHandlerMethod.java:102)
	at org.springframework.web.servlet.mvc.method.annotation.RequestMappingHandlerAdapter.invokeHandlerMethod(RequestMappingHandlerAdapter.java:895)
	at org.springframework.web.servlet.mvc.method.annotation.RequestMappingHandlerAdapter.handleInternal(RequestMappingHandlerAdapter.java:800)
	at org.springframework.web.servlet.mvc.method.AbstractHandlerMethodAdapter.handle(AbstractHandlerMethodAdapter.java:87)
	at org.springframework.web.servlet.DispatcherServlet.doDispatch(DispatcherServlet.java:1038)
	at org.springframework.web.servlet.DispatcherServlet.doService(DispatcherServlet.java:942)
	at org.springframework.web.servlet.FrameworkServlet.processRequest(FrameworkServlet.java:1005)
	... 50 common frames omitted
Caused by: java.sql.SQLIntegrityConstraintViolationException: ORA-01400: 无法将 NULL 插入 ("YANG"."STUDENT"."ID")

	at oracle.jdbc.driver.T4CTTIoer11.processError(T4CTTIoer11.java:509)
	at oracle.jdbc.driver.T4CTTIoer11.processError(T4CTTIoer11.java:461)
	at oracle.jdbc.driver.T4C8Oall.processError(T4C8Oall.java:1104)
	at oracle.jdbc.driver.T4CTTIfun.receive(T4CTTIfun.java:553)
	at oracle.jdbc.driver.T4CTTIfun.doRPC(T4CTTIfun.java:269)
	at oracle.jdbc.driver.T4C8Oall.doOALL(T4C8Oall.java:655)
	at oracle.jdbc.driver.T4CPreparedStatement.doOall8(T4CPreparedStatement.java:270)
	at oracle.jdbc.driver.T4CPreparedStatement.doOall8(T4CPreparedStatement.java:91)
	at oracle.jdbc.driver.T4CPreparedStatement.executeForRows(T4CPreparedStatement.java:970)
	at oracle.jdbc.driver.OracleStatement.doExecuteWithTimeout(OracleStatement.java:1205)
	at oracle.jdbc.driver.OraclePreparedStatement.executeInternal(OraclePreparedStatement.java:3666)
	at oracle.jdbc.driver.T4CPreparedStatement.executeInternal(T4CPreparedStatement.java:1426)
	at oracle.jdbc.driver.OraclePreparedStatement.execute(OraclePreparedStatement.java:3778)
	at oracle.jdbc.driver.OraclePreparedStatementWrapper.execute(OraclePreparedStatementWrapper.java:1081)
	at com.zaxxer.hikari.pool.ProxyPreparedStatement.execute(ProxyPreparedStatement.java:44)
	at com.zaxxer.hikari.pool.HikariProxyPreparedStatement.execute(HikariProxyPreparedStatement.java)
	at sun.reflect.NativeMethodAccessorImpl.invoke0(Native Method)
	at sun.reflect.NativeMethodAccessorImpl.invoke(NativeMethodAccessorImpl.java:62)
	at sun.reflect.DelegatingMethodAccessorImpl.invoke(DelegatingMethodAccessorImpl.java:43)
	at java.lang.reflect.Method.invoke(Method.java:498)
	at org.apache.ibatis.logging.jdbc.PreparedStatementLogger.invoke(PreparedStatementLogger.java:59)
	at com.sun.proxy.$Proxy73.execute(Unknown Source)
	at org.apache.ibatis.executor.statement.PreparedStatementHandler.update(PreparedStatementHandler.java:47)
	at org.apache.ibatis.executor.statement.RoutingStatementHandler.update(RoutingStatementHandler.java:74)
	at sun.reflect.NativeMethodAccessorImpl.invoke0(Native Method)
	at sun.reflect.NativeMethodAccessorImpl.invoke(NativeMethodAccessorImpl.java:62)
	at sun.reflect.DelegatingMethodAccessorImpl.invoke(DelegatingMethodAccessorImpl.java:43)
	at java.lang.reflect.Method.invoke(Method.java:498)
	at org.apache.ibatis.plugin.Plugin.invoke(Plugin.java:63)
	at com.sun.proxy.$Proxy71.update(Unknown Source)
	at com.baomidou.mybatisplus.core.executor.MybatisSimpleExecutor.doUpdate(MybatisSimpleExecutor.java:54)
	at org.apache.ibatis.executor.BaseExecutor.update(BaseExecutor.java:117)
	at org.apache.ibatis.session.defaults.DefaultSqlSession.update(DefaultSqlSession.java:197)
	at org.apache.ibatis.session.defaults.DefaultSqlSession.insert(DefaultSqlSession.java:184)
	at sun.reflect.NativeMethodAccessorImpl.invoke0(Native Method)
	at sun.reflect.NativeMethodAccessorImpl.invoke(NativeMethodAccessorImpl.java:62)
	at sun.reflect.DelegatingMethodAccessorImpl.invoke(DelegatingMethodAccessorImpl.java:43)
	at java.lang.reflect.Method.invoke(Method.java:498)
	at org.mybatis.spring.SqlSessionTemplate$SqlSessionInterceptor.invoke(SqlSessionTemplate.java:426)
	... 70 common frames omitted
Caused by: oracle.jdbc.OracleDatabaseException: ORA-01400: 无法将 NULL 插入 ("YANG"."STUDENT"."ID")

	at oracle.jdbc.driver.T4CTTIoer11.processError(T4CTTIoer11.java:513)
	... 108 common frames omitted
2020-11-27 19:21:33 -HikariPool-1 - Thread starvation or clock leap detected (housekeeper delta=3h28s164ms584µs100ns).
